[debug] [2018-03-24T12:42:45.487Z] ----------------------------------------------------------------------
[debug] [2018-03-24T12:42:45.489Z] Command:       C:\Program Files\nodejs\node.exe C:\Users\Youna\AppData\Roaming\npm\node_modules\firebase-tools\bin\firebase serve
[debug] [2018-03-24T12:42:45.489Z] CLI Version:   3.17.7
[debug] [2018-03-24T12:42:45.490Z] Platform:      win32
[debug] [2018-03-24T12:42:45.490Z] Node Version:  v8.10.0
[debug] [2018-03-24T12:42:45.490Z] Time:          Sat Mar 24 2018 08:42:45 GMT-0400 (Eastern Daylight Time)
[debug] [2018-03-24T12:42:45.490Z] ----------------------------------------------------------------------
[debug] 
[debug] [2018-03-24T12:42:45.505Z] > command requires scopes: ["email","openid","https://www.googleapis.com/auth/cloudplatformprojects.readonly","https://www.googleapis.com/auth/firebase","https://www.googleapis.com/auth/cloud-platform"]
[debug] [2018-03-24T12:42:45.506Z] > authorizing via signed-in user
[debug] [2018-03-24T12:42:45.509Z] >>> HTTP REQUEST GET https://admin.firebase.com/v1/projects/oopsiedaisies2018  
  
 Sat Mar 24 2018 08:42:45 GMT-0400 (Eastern Daylight Time)
[debug] [2018-03-24T12:42:45.912Z] <<< HTTP RESPONSE 200
[debug] [2018-03-24T12:42:45.915Z] >>> HTTP REQUEST GET https://admin.firebase.com/v1/database/oopsiedaisies2018/tokens  
  
 Sat Mar 24 2018 08:42:45 GMT-0400 (Eastern Daylight Time)
[debug] [2018-03-24T12:42:46.259Z] <<< HTTP RESPONSE 200
[debug] [2018-03-24T12:42:46.261Z] >>> HTTP REQUEST GET https://cloudresourcemanager.googleapis.com/v1/projects/oopsiedaisies2018  
  
 Sat Mar 24 2018 08:42:46 GMT-0400 (Eastern Daylight Time)
[debug] [2018-03-24T12:42:46.532Z] <<< HTTP RESPONSE 200
[info] 
[info] === Serving from 'C:\Users\Youna\Documents\spring2018\hackgsu\AnthemApp'...
[info] 
[debug] [2018-03-24T12:42:46.541Z] >>> HTTP REQUEST GET https://mobilesdk-pa.googleapis.com/v1/projects/581092400806/clients/_:getWebAppConfig  
  
 Sat Mar 24 2018 08:42:46 GMT-0400 (Eastern Daylight Time)
[debug] [2018-03-24T12:42:46.957Z] <<< HTTP RESPONSE 200
[info] i  hosting: Serving hosting files from: public
[info] +  hosting: Local server: http://localhost:5000

