[debug] [2018-03-24T09:18:50.351Z] ----------------------------------------------------------------------
[debug] [2018-03-24T09:18:50.355Z] Command:       C:\Program Files\nodejs\node.exe C:\Users\ckadi\AppData\Roaming\npm\node_modules\firebase-tools\bin\firebase serve
[debug] [2018-03-24T09:18:50.356Z] CLI Version:   3.17.7
[debug] [2018-03-24T09:18:50.356Z] Platform:      win32
[debug] [2018-03-24T09:18:50.356Z] Node Version:  v6.11.3
[debug] [2018-03-24T09:18:50.356Z] Time:          Sat Mar 24 2018 05:18:50 GMT-0400 (Eastern Daylight Time)
[debug] [2018-03-24T09:18:50.356Z] ----------------------------------------------------------------------
[debug] 
[debug] [2018-03-24T09:18:50.381Z] > command requires scopes: ["email","openid","https://www.googleapis.com/auth/cloudplatformprojects.readonly","https://www.googleapis.com/auth/firebase","https://www.googleapis.com/auth/cloud-platform"]
[debug] [2018-03-24T09:18:50.382Z] > authorizing via signed-in user
[debug] [2018-03-24T09:18:50.386Z] >>> HTTP REQUEST GET https://admin.firebase.com/v1/projects/oopsiedaisies2018  
  
 Sat Mar 24 2018 05:18:50 GMT-0400 (Eastern Daylight Time)
[debug] [2018-03-24T09:18:50.749Z] <<< HTTP RESPONSE 200
[debug] [2018-03-24T09:18:50.752Z] >>> HTTP REQUEST GET https://admin.firebase.com/v1/database/oopsiedaisies2018/tokens  
  
 Sat Mar 24 2018 05:18:50 GMT-0400 (Eastern Daylight Time)
[debug] [2018-03-24T09:18:51.156Z] <<< HTTP RESPONSE 200
[debug] [2018-03-24T09:18:51.159Z] >>> HTTP REQUEST GET https://cloudresourcemanager.googleapis.com/v1/projects/oopsiedaisies2018  
  
 Sat Mar 24 2018 05:18:51 GMT-0400 (Eastern Daylight Time)
[debug] [2018-03-24T09:18:51.338Z] <<< HTTP RESPONSE 200
[info] 
[info] === Serving from 'C:\Users\ckadi\Desktop\hackgsu\AnthemApp'...
[info] 
[debug] [2018-03-24T09:18:51.354Z] >>> HTTP REQUEST GET https://mobilesdk-pa.googleapis.com/v1/projects/581092400806/clients/_:getWebAppConfig  
  
 Sat Mar 24 2018 05:18:51 GMT-0400 (Eastern Daylight Time)
[debug] [2018-03-24T09:18:51.752Z] <<< HTTP RESPONSE 200
[info] i  hosting: Serving hosting files from: public
[info] +  hosting: Local server: http://localhost:5000

